<?xml version="1.0" encoding="UTF-8"?>
<!-- Generated by org.testng.reporters.JUnitReportReporter -->
<testsuite hostname="LAPTOP-L4IJSUIS" failures="0" tests="3" name="TestSuites.TestCases" time="28.239" errors="0" timestamp="2022-06-10T11:42:52 IST" skipped="0">
  <testcase classname="TestSuites.TestCases" name="carwash" time="14.809"/>
  <system-out/>
  <testcase classname="TestSuites.TestCases" name="listing" time="7.672"/>
  <system-out/>
  <testcase classname="TestSuites.TestCases" name="retrieve" time="5.758"/>
  <system-out/>
</testsuite> <!-- TestSuites.TestCases -->
